<?xml version="1.0" encoding="UTF-8"?>
<coverage generated="1774282082522" clover="3.2.0">
  <project timestamp="1774282082522" name="All files">
    <metrics statements="10" coveredstatements="10" conditionals="3" coveredconditionals="3" methods="4" coveredmethods="4" elements="17" coveredelements="17" complexity="0" loc="10" ncloc="10" packages="3" files="3" classes="3"/>
    <package name="components">
      <metrics statements="4" coveredstatements="4" conditionals="0" coveredconditionals="0" methods="2" coveredmethods="2"/>
      <file name="Hero.tsx" path="D:\Coding\Github\azure-port\src\components\Hero.tsx">
        <metrics statements="4" coveredstatements="4" conditionals="0" coveredconditionals="0" methods="2" coveredmethods="2"/>
        <line num="8" count="1" type="stmt"/>
        <line num="9" count="3" type="stmt"/>
        <line num="11" count="3" type="stmt"/>
        <line num="56" count="1" type="stmt"/>
      </file>
    </package>
    <package name="components.ui">
      <metrics statements="5" coveredstatements="5" conditionals="3" coveredconditionals="3" methods="1" coveredmethods="1"/>
      <file name="button.tsx" path="D:\Coding\Github\azure-port\src\components\ui\button.tsx">
        <metrics statements="5" coveredstatements="5" conditionals="3" coveredconditionals="3" methods="1" coveredmethods="1"/>
        <line num="7" count="1" type="stmt"/>
        <line num="38" count="1" type="stmt"/>
        <line num="40" count="7" type="cond" truecount="2" falsecount="0"/>
        <line num="41" count="7" type="stmt"/>
        <line num="46" count="1" type="stmt"/>
      </file>
    </package>
    <package name="lib">
      <metrics statements="1" coveredstatements="1" conditionals="0" coveredconditionals="0" methods="1" coveredmethods="1"/>
      <file name="utils.ts" path="D:\Coding\Github\azure-port\src\lib\utils.ts">
        <metrics statements="1" coveredstatements="1" conditionals="0" coveredconditionals="0" methods="1" coveredmethods="1"/>
        <line num="5" count="7" type="stmt"/>
      </file>
    </package>
  </project>
</coverage>
