{"D:\\Coding\\Github\\azure-port\\src\\components\\Hero.tsx": {"path":"D:\\Coding\\Github\\azure-port\\src\\components\\Hero.tsx","statementMap":{"0":{"start":{"line":8,"column":13},"end":{"line":77,"column":null}},"1":{"start":{"line":9,"column":13},"end":{"line":9,"column":null}},"2":{"start":{"line":11,"column":2},"end":{"line":70,"column":null}},"3":{"start":{"line":56,"column":16},"end":{"line":56,"column":null}}},"fnMap":{"0":{"name":"(anonymous_0)","decl":{"start":{"line":8,"column":13},"end":{"line":8,"column":null}},"loc":{"start":{"line":8,"column":13},"end":{"line":77,"column":null}},"line":8},"1":{"name":"(anonymous_1)","decl":{"start":{"line":55,"column":23},"end":{"line":55,"column":null}},"loc":{"start":{"line":56,"column":16},"end":{"line":56,"column":null}},"line":56}},"branchMap":{},"s":{"0":1,"1":3,"2":3,"3":1},"f":{"0":3,"1":1},"b":{},"meta":{"lastBranch":0,"lastFunction":2,"lastStatement":4,"seen":{"s:8:13:77:Infinity":0,"f:8:13:8:Infinity":0,"s:9:13:9:Infinity":1,"s:11:2:70:Infinity":2,"f:55:23:55:Infinity":1,"s:56:16:56:Infinity":3}}}
,"D:\\Coding\\Github\\azure-port\\src\\components\\ui\\button.tsx": {"path":"D:\\Coding\\Github\\azure-port\\src\\components\\ui\\button.tsx","statementMap":{"0":{"start":{"line":7,"column":6},"end":{"line":30,"column":null}},"1":{"start":{"line":38,"column":15},"end":{"line":44,"column":null}},"2":{"start":{"line":40,"column":17},"end":{"line":40,"column":null}},"3":{"start":{"line":41,"column":4},"end":{"line":42,"column":null}},"4":{"start":{"line":46,"column":0},"end":{"line":46,"column":null}}},"fnMap":{"0":{"name":"(anonymous_0)","decl":{"start":{"line":39,"column":2},"end":{"line":39,"column":3}},"loc":{"start":{"line":39,"column":60},"end":{"line":44,"column":null}},"line":39}},"branchMap":{"0":{"loc":{"start":{"line":39,"column":31},"end":{"line":39,"column":46}},"type":"default-arg","locations":[{"start":{"line":39,"column":41},"end":{"line":39,"column":46}}],"line":39},"1":{"loc":{"start":{"line":40,"column":17},"end":{"line":40,"column":null}},"type":"cond-expr","locations":[{"start":{"line":40,"column":27},"end":{"line":40,"column":34}},{"start":{"line":40,"column":34},"end":{"line":40,"column":null}}],"line":40}},"s":{"0":1,"1":1,"2":7,"3":7,"4":1},"f":{"0":7},"b":{"0":[7],"1":[1,6]},"meta":{"lastBranch":2,"lastFunction":1,"lastStatement":5,"seen":{"s:7:6:30:Infinity":0,"s:38:15:44:Infinity":1,"f:39:2:39:3":0,"b:39:41:39:46":0,"s:40:17:40:Infinity":2,"b:40:27:40:34:40:34:40:Infinity":1,"s:41:4:42:Infinity":3,"s:46:0:46:Infinity":4}}}
,"D:\\Coding\\Github\\azure-port\\src\\lib\\utils.ts": {"path":"D:\\Coding\\Github\\azure-port\\src\\lib\\utils.ts","statementMap":{"0":{"start":{"line":5,"column":2},"end":{"line":5,"column":null}}},"fnMap":{"0":{"name":"cn","decl":{"start":{"line":4,"column":16},"end":{"line":4,"column":19}},"loc":{"start":{"line":4,"column":42},"end":{"line":6,"column":null}},"line":4}},"branchMap":{},"s":{"0":7},"f":{"0":7},"b":{},"meta":{"lastBranch":0,"lastFunction":1,"lastStatement":1,"seen":{"f:4:16:4:19":0,"s:5:2:5:Infinity":0}}}
}
